TN:
SF:index.ts
FNF:0
FNH:0
LF:0
LH:0
BRF:0
BRH:0
end_of_record
TN:
SF:src\AbstractNearDuplicatesFinder.ts
FN:15,(anonymous_0)
FN:25,(anonymous_1)
FN:29,(anonymous_2)
FN:34,(anonymous_3)
FN:37,(anonymous_4)
FN:52,(anonymous_5)
FNF:6
FNH:6
FNDA:5,(anonymous_0)
FNDA:3,(anonymous_1)
FNDA:3,(anonymous_2)
FNDA:3,(anonymous_3)
FNDA:597,(anonymous_4)
FNDA:12,(anonymous_5)
DA:20,5
DA:21,5
DA:22,5
DA:23,5
DA:25,5
DA:26,3
DA:29,5
DA:30,3
DA:35,3
DA:37,3
DA:38,597
DA:41,3
DA:43,3
DA:44,3
DA:45,597
DA:46,597
DA:47,597
DA:50,3
DA:51,9
DA:52,12
DA:56,3
LF:21
LH:21
BRF:0
BRH:0
end_of_record
TN:
SF:src\AsyncNearDuplicatesFinder.ts
FNF:0
FNH:0
LF:0
LH:0
BRF:0
BRH:0
end_of_record
TN:
SF:src\BaseAsyncNearDuplicatesFinder.ts
FN:10,(anonymous_0)
FN:11,(anonymous_1)
FN:18,(anonymous_2)
FN:19,(anonymous_3)
FNF:4
FNH:4
FNDA:201,(anonymous_0)
FNDA:201,(anonymous_1)
FNDA:1,(anonymous_2)
FNDA:1,(anonymous_3)
DA:11,201
DA:12,201
DA:13,201
DA:14,201
DA:19,1
DA:20,1
DA:22,1
DA:23,1
DA:25,1
DA:26,1
LF:10
LH:10
BRF:0
BRH:0
end_of_record
TN:
SF:src\BaseCandidatesFinder.ts
FN:22,(anonymous_0)
FN:35,(anonymous_1)
FN:36,(anonymous_2)
FN:43,(anonymous_3)
FN:49,(anonymous_4)
FN:107,(anonymous_5)
FNF:6
FNH:6
FNDA:7,(anonymous_0)
FNDA:603,(anonymous_1)
FNDA:122955,(anonymous_2)
FNDA:3,(anonymous_3)
FNDA:3,(anonymous_4)
FNDA:60,(anonymous_5)
DA:28,7
DA:29,7
DA:30,7
DA:31,7
DA:32,7
DA:35,7
DA:36,603
DA:37,122955
DA:40,603
DA:46,3
DA:50,3
DA:52,3
DA:53,3
DA:54,3
DA:55,3
DA:56,3
DA:57,3
DA:58,3
DA:60,3
DA:62,3
DA:63,300
DA:65,300
DA:66,3
DA:69,300
DA:70,60300
DA:72,60300
DA:73,60
DA:76,60300
DA:77,12060
DA:80,60300
DA:83,300
DA:87,240
DA:90,60
DA:91,60
DA:94,3
DA:95,3
DA:96,3
DA:112,60
DA:113,12060
DA:114,12060
DA:117,60
LF:41
LH:41
BRDA:65,0,0,3
BRDA:65,0,1,297
BRDA:72,1,0,60
BRDA:72,1,1,60240
BRDA:76,2,0,12060
BRDA:76,2,1,48240
BRDA:83,3,0,240
BRDA:83,3,1,60
BRDA:84,4,0,300
BRDA:84,4,1,297
BRF:10
BRH:10
end_of_record
TN:
SF:src\BaseNearDuplicatesFinder.ts
FN:10,(anonymous_0)
FN:15,(anonymous_1)
FNF:2
FNH:2
FNDA:402,(anonymous_0)
FNDA:2,(anonymous_1)
DA:11,402
DA:12,402
DA:16,2
DA:18,2
DA:19,2
DA:21,2
DA:22,2
LF:7
LH:7
BRF:0
BRH:0
end_of_record
TN:
SF:src\CandidatesFinder.ts
FNF:0
FNH:0
LF:0
LH:0
BRF:0
BRH:0
end_of_record
TN:
SF:src\NearDuplicatesFinder.ts
FNF:0
FNH:0
LF:0
LH:0
BRF:0
BRH:0
end_of_record
TN:
SF:src\Factory\calculatorFactory.ts
FN:3,(anonymous_0)
FNF:1
FNH:1
FNDA:1,(anonymous_0)
DA:3,4
DA:4,1
LF:2
LH:2
BRF:0
BRH:0
end_of_record
TN:
SF:src\Factory\candidatesFinderFactory.ts
FN:19,(anonymous_0)
FN:29,(anonymous_1)
FN:55,(anonymous_2)
FN:79,(anonymous_3)
FNF:4
FNH:4
FNDA:2,(anonymous_0)
FNDA:4,(anonymous_1)
FNDA:3,(anonymous_2)
FNDA:300,(anonymous_3)
DA:19,5
DA:20,2
DA:22,2
DA:23,1
DA:26,1
DA:29,5
DA:31,4
DA:32,3
DA:37,1
DA:43,4
DA:55,5
DA:57,3
DA:58,1
DA:63,2
DA:69,3
DA:70,3
DA:79,3
DA:80,300
DA:81,6
DA:83,300
DA:86,3
LF:21
LH:21
BRDA:22,0,0,1
BRDA:22,0,1,1
BRDA:31,1,0,3
BRDA:31,1,1,1
BRDA:57,2,0,1
BRDA:57,2,1,2
BRDA:80,3,0,6
BRDA:80,3,1,294
BRF:8
BRH:8
end_of_record
TN:
SF:src\Factory\duplicatesFinderFactory.ts
FN:18,(anonymous_0)
FN:28,(anonymous_1)
FN:39,(anonymous_2)
FN:51,(anonymous_3)
FN:61,(anonymous_4)
FNF:5
FNH:5
FNDA:4,(anonymous_0)
FNDA:1,(anonymous_1)
FNDA:1,(anonymous_2)
FNDA:2,(anonymous_3)
FNDA:1,(anonymous_4)
DA:18,4
DA:19,4
DA:21,4
DA:22,1
DA:25,3
DA:28,4
DA:29,1
DA:30,1
DA:32,1
DA:39,4
DA:40,1
DA:42,1
DA:44,1
DA:51,4
DA:52,2
DA:54,2
DA:61,4
DA:62,1
DA:64,1
LF:19
LH:19
BRDA:21,0,0,1
BRDA:21,0,1,3
BRF:2
BRH:2
end_of_record
TN:
SF:src\Factory\guardFactory.ts
FN:12,(anonymous_0)
FN:25,(anonymous_1)
FNF:2
FNH:2
FNDA:10,(anonymous_0)
FNDA:7,(anonymous_1)
DA:12,6
DA:13,10
DA:15,10
DA:16,10
DA:17,10
DA:18,10
DA:19,10
DA:21,10
DA:25,6
DA:26,7
DA:28,7
DA:29,7
DA:30,7
DA:31,7
DA:33,7
LF:15
LH:15
BRF:0
BRH:0
end_of_record
TN:
SF:src\Factory\hasherFactory.ts
FN:3,(anonymous_0)
FN:5,(anonymous_1)
FNF:2
FNH:2
FNDA:20,(anonymous_0)
FNDA:123042,(anonymous_1)
DA:3,7
DA:4,20
DA:5,20
DA:6,123042
DA:7,123042
LF:5
LH:5
BRF:0
BRH:0
end_of_record
TN:
SF:src\Factory\matrixFactory.ts
FN:6,(anonymous_0)
FN:10,(anonymous_1)
FNF:2
FNH:2
FNDA:1,(anonymous_0)
FNDA:1,(anonymous_1)
DA:6,3
DA:7,1
DA:10,3
DA:11,1
LF:4
LH:4
BRF:0
BRH:0
end_of_record
TN:
SF:src\Factory\shinglingToolFactory.ts
FN:5,(anonymous_0)
FN:8,(anonymous_1)
FNF:2
FNH:2
FNDA:1,(anonymous_0)
FNDA:1,(anonymous_1)
DA:5,3
DA:6,1
DA:8,3
DA:9,1
LF:4
LH:4
BRF:0
BRH:0
end_of_record
TN:
SF:src\Factory\sortAlgoFactory.ts
FN:3,(anonymous_0)
FN:5,(anonymous_1)
FNF:2
FNH:2
FNDA:10,(anonymous_0)
FNDA:64410922,(anonymous_1)
DA:3,6
DA:4,10
DA:8,64410922
LF:3
LH:3
BRF:0
BRH:0
end_of_record
TN:
SF:src\Guard\AbstractGuard.ts
FN:7,(anonymous_0)
FN:11,(anonymous_1)
FNF:2
FNH:2
FNDA:27,(anonymous_0)
FNDA:91,(anonymous_1)
DA:4,112
DA:5,112
DA:8,27
DA:12,91
LF:4
LH:4
BRF:0
BRH:0
end_of_record
TN:
SF:src\Guard\ApplicatorGuard.ts
FN:8,(anonymous_0)
FN:12,(anonymous_1)
FN:16,(anonymous_2)
FNF:3
FNH:3
FNDA:86,(anonymous_0)
FNDA:21,(anonymous_1)
FNDA:86,(anonymous_2)
DA:5,21
DA:6,21
DA:9,86
DA:13,21
DA:15,21
DA:16,21
DA:17,86
DA:18,16
DA:19,16
DA:23,21
LF:10
LH:10
BRDA:17,0,0,16
BRDA:17,0,1,70
BRF:2
BRH:2
end_of_record
TN:
SF:src\Guard\IsMinSimilarityGuard.ts
FN:7,(anonymous_0)
FNF:1
FNH:1
FNDA:19,(anonymous_0)
DA:4,15
DA:5,15
DA:8,19
LF:3
LH:3
BRDA:8,0,0,19
BRDA:8,0,1,17
BRDA:8,0,2,11
BRF:3
BRH:3
end_of_record
TN:
SF:src\Guard\IsRowsPerBandGuard.ts
FN:7,(anonymous_0)
FNF:1
FNH:1
FNDA:25,(anonymous_0)
DA:4,22
DA:5,22
DA:8,25
LF:3
LH:3
BRDA:8,0,0,25
BRDA:8,0,1,18
BRF:2
BRH:2
end_of_record
TN:
SF:src\Guard\IsShinglesSizeGuard.ts
FN:7,(anonymous_0)
FNF:1
FNH:1
FNDA:21,(anonymous_0)
DA:4,18
DA:5,18
DA:8,21
LF:3
LH:3
BRDA:8,0,0,21
BRDA:8,0,1,17
BRF:2
BRH:2
end_of_record
TN:
SF:src\Guard\IsShinglesTypeGuard.ts
FN:7,(anonymous_0)
FNF:1
FNH:1
FNDA:21,(anonymous_0)
DA:4,18
DA:5,18
DA:8,21
LF:3
LH:3
BRDA:8,0,0,21
BRDA:8,0,1,5
BRF:2
BRH:2
end_of_record
TN:
SF:src\Guard\IsSignatureLengthGuard.ts
FN:7,(anonymous_0)
FNF:1
FNH:1
FNDA:21,(anonymous_0)
DA:4,18
DA:5,18
DA:8,21
LF:3
LH:3
BRDA:8,0,0,21
BRDA:8,0,1,19
BRF:2
BRH:2
end_of_record
TN:
SF:src\ShinglingTool\BaseShinglingTool.ts
FN:7,(anonymous_0)
FNF:1
FNH:1
FNDA:14,(anonymous_0)
DA:8,14
DA:9,14
LF:2
LH:2
BRF:0
BRH:0
end_of_record
TN:
SF:src\ShinglingTool\BaseSignatureMatrix.ts
FN:27,(anonymous_0)
FN:39,(anonymous_1)
FN:48,(anonymous_2)
FN:61,(anonymous_3)
FN:75,(anonymous_4)
FN:81,(anonymous_5)
FN:87,(anonymous_6)
FN:117,(anonymous_7)
FN:119,(anonymous_8)
FN:136,(anonymous_9)
FNF:10
FNH:10
FNDA:10,(anonymous_0)
FNDA:301,(anonymous_1)
FNDA:5,(anonymous_2)
FNDA:4,(anonymous_3)
FNDA:303,(anonymous_4)
FNDA:6495609,(anonymous_5)
FNDA:11310409,(anonymous_6)
FNDA:303,(anonymous_7)
FNDA:6495609,(anonymous_8)
FNDA:10,(anonymous_9)
DA:32,10
DA:33,10
DA:34,10
DA:35,10
DA:36,10
DA:40,301
DA:49,5
DA:50,1
DA:53,4
DA:55,4
DA:56,303
DA:57,303
DA:62,4
DA:63,4
DA:80,303
DA:81,303
DA:82,6495609
DA:84,6495609
DA:85,0
DA:87,6495609
DA:88,11310409
DA:89,60303
DA:91,11310409
DA:93,11310409
DA:94,60303
DA:95,60303
DA:98,11250106
DA:102,303
DA:118,303
DA:119,303
DA:120,6495609
DA:121,6495609
DA:126,303
DA:137,10
DA:138,10
DA:139,903
DA:140,903
DA:142,10
LF:38
LH:37
BRDA:49,0,0,1
BRDA:49,0,1,4
BRDA:84,1,0,0
BRDA:84,1,1,6495609
BRDA:88,2,0,60303
BRDA:88,2,1,11250106
BRDA:93,3,0,60303
BRDA:93,3,1,11250106
BRDA:98,4,0,0
BRDA:98,4,1,11250106
BRDA:123,5,0,9
BRDA:123,5,1,6495600
BRF:12
BRH:10
end_of_record
TN:
SF:src\ShinglingTool\BaseSparseMatrix.ts
FN:23,(anonymous_0)
FN:27,(anonymous_1)
FN:31,(anonymous_2)
FN:39,(anonymous_3)
FN:64,(anonymous_4)
FNF:5
FNH:5
FNDA:1,(anonymous_0)
FNDA:6495622,(anonymous_1)
FNDA:5,(anonymous_2)
FNDA:9,(anonymous_3)
FNDA:123068,(anonymous_4)
DA:21,16
DA:24,1
DA:28,6495622
DA:32,5
DA:42,9
DA:44,9
DA:45,65018
DA:46,13121236
DA:47,615
DA:49,13121236
DA:50,114111
DA:55,9
DA:65,123068
DA:66,65034
DA:68,123068
DA:69,113204
DA:70,113204
DA:72,9864
DA:73,9864
LF:19
LH:19
BRDA:46,0,0,615
BRDA:46,0,1,13120621
BRDA:49,1,0,114111
BRDA:49,1,1,13007125
BRDA:65,2,0,65034
BRDA:65,2,1,58034
BRDA:68,3,0,113204
BRDA:68,3,1,9864
BRF:8
BRH:8
end_of_record
TN:
SF:src\ShinglingTool\FromSparseMatrix.ts
FNF:0
FNH:0
LF:0
LH:0
BRF:0
BRH:0
end_of_record
TN:
SF:src\ShinglingTool\OffersShinglesByDoc.ts
FNF:0
FNH:0
LF:0
LH:0
BRF:0
BRH:0
end_of_record
TN:
SF:src\ShinglingTool\ShinglingTool.ts
FNF:0
FNH:0
LF:0
LH:0
BRF:0
BRH:0
end_of_record
TN:
SF:src\ShinglingTool\SignatureMatrix.ts
FNF:0
FNH:0
LF:0
LH:0
BRF:0
BRH:0
end_of_record
TN:
SF:src\ShinglingTool\SparseMatrix.ts
FNF:0
FNH:0
LF:0
LH:0
BRF:0
BRH:0
end_of_record
TN:
SF:src\ShinglingTool\StringShinglingTool.ts
FN:5,(anonymous_0)
FNF:1
FNH:1
FNDA:206,(anonymous_0)
DA:15,206
DA:17,206
DA:18,206
DA:20,206
DA:21,1
DA:22,1
DA:24,205
DA:25,91146
DA:28,91146
DA:29,91146
DA:30,91146
LF:11
LH:11
BRDA:20,0,0,1
BRDA:20,0,1,205
BRDA:20,1,0,206
BRDA:20,1,1,205
BRF:4
BRH:4
end_of_record
TN:
SF:src\ShinglingTool\WordShinglingTool.ts
FN:5,(anonymous_0)
FNF:1
FNH:1
FNDA:418,(anonymous_0)
DA:11,418
DA:12,418
DA:13,418
DA:14,418
DA:15,1
DA:16,1
DA:18,417
DA:19,31962
DA:22,31962
DA:23,31962
DA:24,31962
LF:11
LH:11
BRDA:14,0,0,1
BRDA:14,0,1,417
BRDA:14,1,0,418
BRDA:14,1,1,417
BRF:4
BRH:4
end_of_record
TN:
SF:src\SimilarityCalculator\JaccardSimilarityCalculator.ts
FN:8,(anonymous_0)
FN:46,(anonymous_1)
FNF:2
FNH:2
FNDA:602,(anonymous_0)
FNDA:17,(anonymous_1)
DA:12,602
DA:14,602
DA:16,602
DA:17,616
DA:19,616
DA:20,650
DA:21,616
DA:24,34
DA:25,25
DA:29,34
DA:30,17
DA:33,17
DA:34,14
DA:37,17
DA:39,17
DA:40,17
DA:43,602
DA:50,17
DA:51,17
DA:53,17
DA:63,3229
DA:64,3229
DA:66,3229
DA:67,3229
DA:68,3175
DA:69,3175
DA:70,3175
DA:71,3505
DA:75,3229
DA:76,3604
DA:80,17
DA:81,3342
DA:82,167
DA:83,167
DA:88,17
LF:35
LH:35
BRDA:20,0,0,616
BRDA:20,0,1,34
BRDA:24,1,0,25
BRDA:24,1,1,9
BRDA:29,2,0,17
BRDA:29,2,1,17
BRDA:29,3,0,34
BRDA:29,3,1,20
BRDA:33,4,0,14
BRDA:33,4,1,3
BRDA:67,5,0,3175
BRDA:67,5,1,54
BRDA:68,6,0,45
BRDA:68,6,1,3130
BRDA:69,7,0,0
BRDA:69,7,1,3175
BRDA:81,8,0,167
BRDA:81,8,1,3175
BRDA:88,9,0,17
BRDA:88,9,1,0
BRF:20
BRH:18
end_of_record
TN:
SF:src\SimilarityCalculator\SimilarityCalculator.ts
FNF:0
FNH:0
LF:0
LH:0
BRF:0
BRH:0
end_of_record
TN:
SF:src\Util\CandidatesBucket.ts
FN:4,(anonymous_0)
FN:18,(anonymous_1)
FN:43,(anonymous_2)
FN:50,(anonymous_3)
FNF:4
FNH:4
FNDA:12067,(anonymous_0)
FNDA:4,(anonymous_1)
FNDA:15704,(anonymous_2)
FNDA:1,(anonymous_3)
DA:2,4
DA:5,12067
DA:6,4182
DA:9,12067
DA:10,12067
DA:19,4
DA:20,4
DA:22,4
DA:23,4182
DA:24,1
DA:27,4181
DA:28,4181
DA:29,12066
DA:30,608
DA:33,12066
DA:34,7885
DA:37,4181
DA:38,599
DA:41,4181
DA:43,15704
DA:44,4181
DA:47,4
DA:51,1
LF:23
LH:23
BRDA:5,0,0,4182
BRDA:5,0,1,7885
BRDA:23,1,0,1
BRDA:23,1,1,4181
BRDA:29,2,0,608
BRDA:29,2,1,11458
BRDA:33,3,0,7885
BRDA:33,3,1,4181
BRDA:37,4,0,599
BRDA:37,4,1,3582
BRF:10
BRH:10
end_of_record
TN:
SF:src\Util\MergeSort.ts
FN:6,(anonymous_0)
FN:10,(anonymous_1)
FN:19,(anonymous_2)
FN:29,(anonymous_3)
FNF:4
FNH:4
FNDA:15,(anonymous_0)
FNDA:308,(anonymous_1)
FNDA:12990950,(anonymous_2)
FNDA:6495322,(anonymous_3)
DA:7,15
DA:11,308
DA:12,306
DA:13,306
DA:16,308
DA:20,12990950
DA:21,6495628
DA:23,6495322
DA:24,6495322
DA:25,6495322
DA:26,6495322
DA:36,6495322
DA:37,94367267
DA:39,6495322
DA:40,6495322
DA:41,6495322
DA:42,94367267
DA:43,17832875
DA:44,76534392
DA:45,12123439
DA:46,64410953
DA:47,35626699
DA:49,28784254
LF:23
LH:23
BRDA:11,0,0,306
BRDA:11,0,1,2
BRDA:20,1,0,6495628
BRDA:20,1,1,6495322
BRDA:42,2,0,17832875
BRDA:42,2,1,76534392
BRDA:44,3,0,12123439
BRDA:44,3,1,64410953
BRDA:46,4,0,35626699
BRDA:46,4,1,28784254
BRF:10
BRH:10
end_of_record
TN:
SF:src\Util\SaltGenerator.ts
FN:1,saltGenerator
FNF:1
FNH:1
FNDA:500,saltGenerator
DA:2,500
LF:1
LH:1
BRF:0
BRH:0
end_of_record
TN:
SF:src\Util\SortAlgo.ts
FNF:0
FNH:0
LF:0
LH:0
BRF:0
BRH:0
end_of_record
